#
# There is insufficient memory for the Java Runtime Environment to continue.
# Native memory allocation (malloc) failed to allocate 32744 bytes for ChunkPool::allocate
# Possible reasons:
#   The system is out of physical RAM or swap space
#   In 32 bit mode, the process size limit was hit
# Possible solutions:
#   Reduce memory load on the system
#   Increase physical memory or swap space
#   Check if swap backing store is full
#   Use 64 bit Java on a 64 bit OS
#   Decrease Java heap size (-Xmx/-Xms)
#   Decrease number of Java threads
#   Decrease Java thread stack sizes (-Xss)
#   Set larger code cache with -XX:ReservedCodeCacheSize=
# This output file may be truncated or incomplete.
#
#  Out of Memory Error (allocation.cpp:273), pid=25412, tid=0x000000000000c680
#
# JRE version: Java(TM) SE Runtime Environment (8.0_152-b16) (build 1.8.0_152-b16)
# Java VM: Java HotSpot(TM) 64-Bit Server VM (25.152-b16 mixed mode windows-amd64 compressed oops)
# Failed to write core dump. Minidumps are not enabled by default on client versions of Windows
#

---------------  T H R E A D  ---------------

Current thread (0x0000000020862000):  JavaThread "C1 CompilerThread3" daemon [_thread_in_native, id=50816, stack(0x0000000020ef0000,0x0000000020ff0000)]

Stack: [0x0000000020ef0000,0x0000000020ff0000]
[error occurred during error reporting (printing stack bounds), id 0xc0000005]

Native frames: (J=compiled Java code, j=interpreted, Vv=VM code, C=native code)


Current CompileTask:
C1:   6529 2285       1       org.springframework.asm.ClassReader::readCode (5085 bytes)


---------------  P R O C E S S  ---------------

Java Threads: ( => current thread )
  0x0000000021c02000 JavaThread "Keep-Alive-Timer" daemon [_thread_blocked, id=5348, stack(0x0000000023b70000,0x0000000023c70000)]
  0x0000000021be0800 JavaThread "com.alibaba.nacos.client.Worker.fixed-39.105.108.186_8848-5d258111-0e04-45d0-b55d-b76642b41e84" daemon [_thread_blocked, id=5924, stack(0x0000000023770000,0x0000000023870000)]
  0x0000000021b6b000 JavaThread "Timer-0" daemon [_thread_blocked, id=31588, stack(0x0000000023170000,0x0000000023270000)]
  0x0000000021b4f800 JavaThread "logback-1" daemon [_thread_blocked, id=5952, stack(0x0000000022570000,0x0000000022670000)]
  0x00000000216e3800 JavaThread "RMI Scheduler(0)" daemon [_thread_blocked, id=48644, stack(0x0000000022e70000,0x0000000022f70000)]
  0x0000000021770000 JavaThread "RMI TCP Connection(1)-192.168.56.1" daemon [_thread_in_native, id=42156, stack(0x0000000022d70000,0x0000000022e70000)]
  0x0000000020add000 JavaThread "RMI TCP Accept-0" daemon [_thread_in_native, id=23640, stack(0x00000000210f0000,0x00000000211f0000)]
  0x0000000020883800 JavaThread "Service Thread" daemon [_thread_blocked, id=51936, stack(0x0000000020ff0000,0x00000000210f0000)]
=>0x0000000020862000 JavaThread "C1 CompilerThread3" daemon [_thread_in_native, id=50816, stack(0x0000000020ef0000,0x0000000020ff0000)]
  0x0000000020813800 JavaThread "C2 CompilerThread2" daemon [_thread_blocked, id=53952, stack(0x0000000020df0000,0x0000000020ef0000)]
  0x0000000020812800 JavaThread "C2 CompilerThread1" daemon [_thread_blocked, id=28064, stack(0x0000000020cf0000,0x0000000020df0000)]
  0x0000000020812000 JavaThread "C2 CompilerThread0" daemon [_thread_blocked, id=38564, stack(0x0000000020bf0000,0x0000000020cf0000)]
  0x00000000207fb000 JavaThread "Monitor Ctrl-Break" daemon [_thread_in_native, id=51668, stack(0x0000000020af0000,0x0000000020bf0000)]
  0x000000001ed35800 JavaThread "Attach Listener" daemon [_thread_blocked, id=41244, stack(0x00000000201f0000,0x00000000202f0000)]
  0x000000001ed32800 JavaThread "Signal Dispatcher" daemon [_thread_blocked, id=43684, stack(0x00000000200f0000,0x00000000201f0000)]
  0x000000001ed13000 JavaThread "Finalizer" daemon [_thread_blocked, id=36944, stack(0x000000001ff90000,0x0000000020090000)]
  0x000000001d631800 JavaThread "Reference Handler" daemon [_thread_blocked, id=8596, stack(0x000000001fe90000,0x000000001ff90000)]
  0x000000000378b800 JavaThread "main" [_thread_in_native, id=49332, stack(0x0000000003680000,0x0000000003780000)]

Other Threads:
  0x000000001ecf2800 VMThread [stack: 0x000000001fd90000,0x000000001fe90000] [id=44356]
  0x0000000020aea800 WatcherThread [stack: 0x00000000211f0000,0x00000000212f0000] [id=39752]

VM state:not at safepoint (normal execution)

VM Mutex/Monitor currently owned by a thread: None

Heap:
 PSYoungGen      total 101888K, used 31831K [0x000000076b800000, 0x0000000774600000, 0x00000007c0000000)
  eden space 97280K, 27% used [0x000000076b800000,0x000000076d2960e0,0x0000000771700000)
  from space 4608K, 99% used [0x0000000774180000,0x00000007745ffe68,0x0000000774600000)
  to   space 10752K, 0% used [0x0000000773100000,0x0000000773100000,0x0000000773b80000)
 ParOldGen       total 103424K, used 8319K [0x00000006c2800000, 0x00000006c8d00000, 0x000000076b800000)
  object space 103424K, 8% used [0x00000006c2800000,0x00000006c301fee8,0x00000006c8d00000)
 Metaspace       used 25681K, capacity 26566K, committed 26752K, reserved 1073152K
  class space    used 3450K, capacity 3657K, committed 3712K, reserved 1048576K

Card table byte_map: [0x0000000012e00000,0x00000000135f0000] byte_map_base: 0x000000000f7ec000

Marking Bits: (ParMarkBitMap*) 0x00000000690b0860
 Begin Bits: [0x0000000014540000, 0x00000000184a0000)
 End Bits:   [0x00000000184a0000, 0x000000001c400000)

Polling page: 0x00000000017c0000

CodeCache: size=245760Kb used=4856Kb max_used=4856Kb free=240903Kb
 bounds [0x0000000003a40000, 0x0000000003f00000, 0x0000000012a40000]
 total_blobs=2716 nmethods=2284 adapters=344
 compilation: enabled

Compilation events (10 events):
Event: 6.503 Thread 0x0000000020862000 nmethod 2280 0x0000000003efa310 code [0x0000000003efa4a0, 0x0000000003efa738]
Event: 6.503 Thread 0x0000000020862000 2281 % !   1       java.util.concurrent.ConcurrentHashMap::transfer @ 99 (832 bytes)
Event: 6.505 Thread 0x0000000020862000 nmethod 2281% 0x0000000003efa910 code [0x0000000003efab40, 0x0000000003efc0b8]
Event: 6.505 Thread 0x0000000020862000 2283       1       java.io.ObjectOutputStream::writeUTF (9 bytes)
Event: 6.505 Thread 0x0000000020862000 nmethod 2283 0x0000000003efd850 code [0x0000000003efd9c0, 0x0000000003efdb38]
Event: 6.505 Thread 0x0000000020862000 2282       1       java.io.ObjectOutputStream$BlockDataOutputStream::writeUTF (11 bytes)
Event: 6.505 Thread 0x0000000020862000 nmethod 2282 0x0000000003efdc10 code [0x0000000003efdd80, 0x0000000003efdef8]
Event: 6.513 Thread 0x0000000020862000 2284       1       java.lang.reflect.Proxy$Key1::equals (47 bytes)
Event: 6.513 Thread 0x0000000020862000 nmethod 2284 0x0000000003efdf90 code [0x0000000003efe0e0, 0x0000000003efe2d0]
Event: 6.521 Thread 0x0000000020862000 2285       1       org.springframework.asm.ClassReader::readCode (5085 bytes)

GC Heap History (10 events):
Event: 2.663 GC heap before
{Heap before GC invocations=1 (full 0):
 PSYoungGen      total 75776K, used 65024K [0x000000076b800000, 0x0000000770c80000, 0x00000007c0000000)
  eden space 65024K, 100% used [0x000000076b800000,0x000000076f780000,0x000000076f780000)
  from space 10752K, 0% used [0x0000000770200000,0x0000000770200000,0x0000000770c80000)
  to   space 10752K, 0% used [0x000000076f780000,0x000000076f780000,0x0000000770200000)
 ParOldGen       total 173568K, used 0K [0x00000006c2800000, 0x00000006cd180000, 0x000000076b800000)
  object space 173568K, 0% used [0x00000006c2800000,0x00000006c2800000,0x00000006cd180000)
 Metaspace       used 12746K, capacity 13072K, committed 13184K, reserved 1060864K
  class space    used 1553K, capacity 1646K, committed 1664K, reserved 1048576K
Event: 2.672 GC heap after
Heap after GC invocations=1 (full 0):
 PSYoungGen      total 75776K, used 7034K [0x000000076b800000, 0x0000000770c80000, 0x00000007c0000000)
  eden space 65024K, 0% used [0x000000076b800000,0x000000076b800000,0x000000076f780000)
  from space 10752K, 65% used [0x000000076f780000,0x000000076fe5e9a0,0x0000000770200000)
  to   space 10752K, 0% used [0x0000000770200000,0x0000000770200000,0x0000000770c80000)
 ParOldGen       total 173568K, used 8K [0x00000006c2800000, 0x00000006cd180000, 0x000000076b800000)
  object space 173568K, 0% used [0x00000006c2800000,0x00000006c2802000,0x00000006cd180000)
 Metaspace       used 12746K, capacity 13072K, committed 13184K, reserved 1060864K
  class space    used 1553K, capacity 1646K, committed 1664K, reserved 1048576K
}
Event: 3.209 GC heap before
{Heap before GC invocations=2 (full 0):
 PSYoungGen      total 75776K, used 72058K [0x000000076b800000, 0x0000000770c80000, 0x00000007c0000000)
  eden space 65024K, 100% used [0x000000076b800000,0x000000076f780000,0x000000076f780000)
  from space 10752K, 65% used [0x000000076f780000,0x000000076fe5e9a0,0x0000000770200000)
  to   space 10752K, 0% used [0x0000000770200000,0x0000000770200000,0x0000000770c80000)
 ParOldGen       total 173568K, used 8K [0x00000006c2800000, 0x00000006cd180000, 0x000000076b800000)
  object space 173568K, 0% used [0x00000006c2800000,0x00000006c2802000,0x00000006cd180000)
 Metaspace       used 16397K, capacity 16822K, committed 17152K, reserved 1064960K
  class space    used 2085K, capacity 2211K, committed 2304K, reserved 1048576K
Event: 3.218 GC heap after
Heap after GC invocations=2 (full 0):
 PSYoungGen      total 75776K, used 8062K [0x000000076b800000, 0x0000000770c80000, 0x00000007c0000000)
  eden space 65024K, 0% used [0x000000076b800000,0x000000076b800000,0x000000076f780000)
  from space 10752K, 74% used [0x0000000770200000,0x00000007709df978,0x0000000770c80000)
  to   space 10752K, 0% used [0x000000076f780000,0x000000076f780000,0x0000000770200000)
 ParOldGen       total 173568K, used 16K [0x00000006c2800000, 0x00000006cd180000, 0x000000076b800000)
  object space 173568K, 0% used [0x00000006c2800000,0x00000006c2804000,0x00000006cd180000)
 Metaspace       used 16397K, capacity 16822K, committed 17152K, reserved 1064960K
  class space    used 2085K, capacity 2211K, committed 2304K, reserved 1048576K
}
Event: 4.759 GC heap before
{Heap before GC invocations=3 (full 0):
 PSYoungGen      total 75776K, used 63583K [0x000000076b800000, 0x0000000770c80000, 0x00000007c0000000)
  eden space 65024K, 85% used [0x000000076b800000,0x000000076ee382c0,0x000000076f780000)
  from space 10752K, 74% used [0x0000000770200000,0x00000007709df978,0x0000000770c80000)
  to   space 10752K, 0% used [0x000000076f780000,0x000000076f780000,0x0000000770200000)
 ParOldGen       total 173568K, used 16K [0x00000006c2800000, 0x00000006cd180000, 0x000000076b800000)
  object space 173568K, 0% used [0x00000006c2800000,0x00000006c2804000,0x00000006cd180000)
 Metaspace       used 20561K, capacity 21194K, committed 21296K, reserved 1067008K
  class space    used 2701K, capacity 2891K, committed 2944K, reserved 1048576K
Event: 4.780 GC heap after
Heap after GC invocations=3 (full 0):
 PSYoungGen      total 75776K, used 8482K [0x000000076b800000, 0x0000000774c00000, 0x00000007c0000000)
  eden space 65024K, 0% used [0x000000076b800000,0x000000076b800000,0x000000076f780000)
  from space 10752K, 78% used [0x000000076f780000,0x000000076ffc8ae8,0x0000000770200000)
  to   space 10752K, 0% used [0x0000000774180000,0x0000000774180000,0x0000000774c00000)
 ParOldGen       total 173568K, used 88K [0x00000006c2800000, 0x00000006cd180000, 0x000000076b800000)
  object space 173568K, 0% used [0x00000006c2800000,0x00000006c2816010,0x00000006cd180000)
 Metaspace       used 20561K, capacity 21194K, committed 21296K, reserved 1067008K
  class space    used 2701K, capacity 2891K, committed 2944K, reserved 1048576K
}
Event: 4.781 GC heap before
{Heap before GC invocations=4 (full 1):
 PSYoungGen      total 75776K, used 8482K [0x000000076b800000, 0x0000000774c00000, 0x00000007c0000000)
  eden space 65024K, 0% used [0x000000076b800000,0x000000076b800000,0x000000076f780000)
  from space 10752K, 78% used [0x000000076f780000,0x000000076ffc8ae8,0x0000000770200000)
  to   space 10752K, 0% used [0x0000000774180000,0x0000000774180000,0x0000000774c00000)
 ParOldGen       total 173568K, used 88K [0x00000006c2800000, 0x00000006cd180000, 0x000000076b800000)
  object space 173568K, 0% used [0x00000006c2800000,0x00000006c2816010,0x00000006cd180000)
 Metaspace       used 20561K, capacity 21194K, committed 21296K, reserved 1067008K
  class space    used 2701K, capacity 2891K, committed 2944K, reserved 1048576K
Event: 4.823 GC heap after
Heap after GC invocations=4 (full 1):
 PSYoungGen      total 75776K, used 0K [0x000000076b800000, 0x0000000774c00000, 0x00000007c0000000)
  eden space 65024K, 0% used [0x000000076b800000,0x000000076b800000,0x000000076f780000)
  from space 10752K, 0% used [0x000000076f780000,0x000000076f780000,0x0000000770200000)
  to   space 10752K, 0% used [0x0000000774180000,0x0000000774180000,0x0000000774c00000)
 ParOldGen       total 103424K, used 8311K [0x00000006c2800000, 0x00000006c8d00000, 0x000000076b800000)
  object space 103424K, 8% used [0x00000006c2800000,0x00000006c301dee8,0x00000006c8d00000)
 Metaspace       used 20561K, capacity 21194K, committed 21296K, reserved 1067008K
  class space    used 2701K, capacity 2891K, committed 2944K, reserved 1048576K
}
Event: 6.293 GC heap before
{Heap before GC invocations=5 (full 1):
 PSYoungGen      total 75776K, used 65024K [0x000000076b800000, 0x0000000774c00000, 0x00000007c0000000)
  eden space 65024K, 100% used [0x000000076b800000,0x000000076f780000,0x000000076f780000)
  from space 10752K, 0% used [0x000000076f780000,0x000000076f780000,0x0000000770200000)
  to   space 10752K, 0% used [0x0000000774180000,0x0000000774180000,0x0000000774c00000)
 ParOldGen       total 103424K, used 8311K [0x00000006c2800000, 0x00000006c8d00000, 0x000000076b800000)
  object space 103424K, 8% used [0x00000006c2800000,0x00000006c301dee8,0x00000006c8d00000)
 Metaspace       used 23974K, capacity 24838K, committed 24960K, reserved 1071104K
  class space    used 3201K, capacity 3425K, committed 3456K, reserved 1048576K
Event: 6.298 GC heap after
Heap after GC invocations=5 (full 1):
 PSYoungGen      total 101888K, used 4607K [0x000000076b800000, 0x0000000774600000, 0x00000007c0000000)
  eden space 97280K, 0% used [0x000000076b800000,0x000000076b800000,0x0000000771700000)
  from space 4608K, 99% used [0x0000000774180000,0x00000007745ffe68,0x0000000774600000)
  to   space 10752K, 0% used [0x0000000773100000,0x0000000773100000,0x0000000773b80000)
 ParOldGen       total 103424K, used 8319K [0x00000006c2800000, 0x00000006c8d00000, 0x000000076b800000)
  object space 103424K, 8% used [0x00000006c2800000,0x00000006c301fee8,0x00000006c8d00000)
 Metaspace       used 23974K, capacity 24838K, committed 24960K, reserved 1071104K
  class space    used 3201K, capacity 3425K, committed 3456K, reserved 1048576K
}

Deoptimization events (0 events):
No events

Classes redefined (0 events):
No events

Internal exceptions (10 events):
Event: 6.440 Thread 0x000000000378b800 Exception <a 'java/lang/ClassNotFoundException': org/springframework/core/PriorityOrderedCustomizer> (0x000000076cd4da98) thrown at [C:\re\workspace\8-2-build-windows-amd64-cygwin\jdk8u152\9742\hotspot\src\share\vm\classfile\systemDictionary.cpp, line 210
Event: 6.440 Thread 0x000000000378b800 Exception <a 'java/lang/ClassNotFoundException': org/springframework/core/OrderedCustomizer> (0x000000076cd71ad8) thrown at [C:\re\workspace\8-2-build-windows-amd64-cygwin\jdk8u152\9742\hotspot\src\share\vm\classfile\systemDictionary.cpp, line 210]
Event: 6.440 Thread 0x000000000378b800 Exception <a 'java/lang/ClassNotFoundException': org/springframework/context/ResourceLoaderAwareCustomizer> (0x000000076cd9f930) thrown at [C:\re\workspace\8-2-build-windows-amd64-cygwin\jdk8u152\9742\hotspot\src\share\vm\classfile\systemDictionary.cpp, l
Event: 6.441 Thread 0x000000000378b800 Exception <a 'java/lang/ClassNotFoundException': org/springframework/beans/factory/AwareCustomizer> (0x000000076cdc9438) thrown at [C:\re\workspace\8-2-build-windows-amd64-cygwin\jdk8u152\9742\hotspot\src\share\vm\classfile\systemDictionary.cpp, line 210]
Event: 6.441 Thread 0x000000000378b800 Exception <a 'java/lang/ClassNotFoundException': org/springframework/beans/factory/BeanClassLoaderAwareCustomizer> (0x000000076cdfaea0) thrown at [C:\re\workspace\8-2-build-windows-amd64-cygwin\jdk8u152\9742\hotspot\src\share\vm\classfile\systemDictionary
Event: 6.441 Thread 0x000000000378b800 Exception <a 'java/lang/ClassNotFoundException': org/springframework/beans/factory/AwareCustomizer> (0x000000076ce24aa8) thrown at [C:\re\workspace\8-2-build-windows-amd64-cygwin\jdk8u152\9742\hotspot\src\share\vm\classfile\systemDictionary.cpp, line 210]
Event: 6.442 Thread 0x000000000378b800 Exception <a 'java/lang/ClassNotFoundException': org/springframework/context/EnvironmentAwareCustomizer> (0x000000076ce50338) thrown at [C:\re\workspace\8-2-build-windows-amd64-cygwin\jdk8u152\9742\hotspot\src\share\vm\classfile\systemDictionary.cpp, line
Event: 6.442 Thread 0x000000000378b800 Exception <a 'java/lang/ClassNotFoundException': org/springframework/beans/factory/AwareCustomizer> (0x000000076ce79df0) thrown at [C:\re\workspace\8-2-build-windows-amd64-cygwin\jdk8u152\9742\hotspot\src\share\vm\classfile\systemDictionary.cpp, line 210]
Event: 6.445 Thread 0x000000000378b800 Exception <a 'java/lang/NoSuchMethodError': java.lang.Object.lambda$comparing$77a9974f$1(Ljava/util/function/Function;Ljava/lang/Object;Ljava/lang/Object;)I> (0x000000076cee3cf8) thrown at [C:\re\workspace\8-2-build-windows-amd64-cygwin\jdk8u152\9742\hots
Event: 6.504 Thread 0x0000000021770000 Exception <a 'java/lang/reflect/InvocationTargetException'> (0x000000076d1edce8) thrown at [C:\re\workspace\8-2-build-windows-amd64-cygwin\jdk8u152\9742\hotspot\src\share\vm\runtime\reflection.cpp, line 1092]

Events (10 events):
Event: 6.501 loading class org/springframework/context/annotation/AdviceMode
Event: 6.501 loading class org/springframework/context/annotation/AdviceMode done
Event: 6.501 loading class org/springframework/transaction/annotation/TransactionManagementConfigurationSelector
Event: 6.501 loading class org/springframework/transaction/annotation/TransactionManagementConfigurationSelector done
Event: 6.503 Thread 0x0000000021b3c000 Thread added: 0x0000000021b3c000
Event: 6.503 loading class org/springframework/context/annotation/AdviceModeImportSelector
Event: 6.503 loading class org/springframework/context/annotation/AdviceModeImportSelector done
Event: 6.505 Executing VM operation: RevokeBias
Event: 6.505 Executing VM operation: RevokeBias done
Event: 6.505 Thread 0x0000000021b3c000 Thread exited: 0x0000000021b3c000


Dynamic libraries:
0x00007ff63fed0000 - 0x00007ff63ff07000 	D:\Java\jDK8\bin\java.exe
0x00007ffd793b0000 - 0x00007ffd795a5000 	C:\Windows\SYSTEM32\ntdll.dll
0x00007ffd778d0000 - 0x00007ffd7798d000 	C:\Windows\System32\KERNEL32.DLL
0x00007ffd76f20000 - 0x00007ffd771e9000 	C:\Windows\System32\KERNELBASE.dll
0x00007ffd77bd0000 - 0x00007ffd77c7c000 	C:\Windows\System32\ADVAPI32.dll
0x00007ffd77990000 - 0x00007ffd77a2e000 	C:\Windows\System32\msvcrt.dll
0x00007ffd77830000 - 0x00007ffd778cb000 	C:\Windows\System32\sechost.dll
0x00007ffd79240000 - 0x00007ffd7936a000 	C:\Windows\System32\RPCRT4.dll
0x00007ffd77a30000 - 0x00007ffd77bd0000 	C:\Windows\System32\USER32.dll
0x00007ffd77280000 - 0x00007ffd772a2000 	C:\Windows\System32\win32u.dll
0x00007ffd78720000 - 0x00007ffd7874a000 	C:\Windows\System32\GDI32.dll
0x00007ffd76c30000 - 0x00007ffd76d3b000 	C:\Windows\System32\gdi32full.dll
0x00007ffd76ae0000 - 0x00007ffd76b7d000 	C:\Windows\System32\msvcp_win.dll
0x00007ffd77310000 - 0x00007ffd77410000 	C:\Windows\System32\ucrtbase.dll
0x00007ffd62f20000 - 0x00007ffd631ba000 	C:\Windows\WinSxS\amd64_microsoft.windows.common-controls_6595b64144ccf1df_6.0.19041.1110_none_60b5254171f9507e\COMCTL32.dll
0x00007ffd77db0000 - 0x00007ffd77de0000 	C:\Windows\System32\IMM32.DLL
0x000000006a510000 - 0x000000006a5e2000 	D:\Java\jDK8\jre\bin\msvcr100.dll
0x0000000068890000 - 0x0000000069130000 	D:\Java\jDK8\jre\bin\server\jvm.dll
0x00007ffd79230000 - 0x00007ffd79238000 	C:\Windows\System32\PSAPI.DLL
0x00007ffd741b0000 - 0x00007ffd741b9000 	C:\Windows\SYSTEM32\WSOCK32.dll
0x00007ffd77e00000 - 0x00007ffd77e6b000 	C:\Windows\System32\WS2_32.dll
0x00007ffd530b0000 - 0x00007ffd530d7000 	C:\Windows\SYSTEM32\WINMM.dll
0x00007ffd70610000 - 0x00007ffd7061a000 	C:\Windows\SYSTEM32\VERSION.dll
0x000000006a500000 - 0x000000006a50f000 	D:\Java\jDK8\jre\bin\verify.dll
0x000000006a4d0000 - 0x000000006a4f9000 	D:\Java\jDK8\jre\bin\java.dll
0x000000006a440000 - 0x000000006a463000 	D:\Java\jDK8\jre\bin\instrument.dll
0x000000006a4b0000 - 0x000000006a4c6000 	D:\Java\jDK8\jre\bin\zip.dll
0x00007ffd77f80000 - 0x00007ffd786bf000 	C:\Windows\System32\SHELL32.dll
0x00007ffd74bf0000 - 0x00007ffd75380000 	C:\Windows\SYSTEM32\windows.storage.dll
0x00007ffd787f0000 - 0x00007ffd78b45000 	C:\Windows\System32\combase.dll
0x00007ffd76540000 - 0x00007ffd7656c000 	C:\Windows\SYSTEM32\Wldp.dll
0x00007ffd79040000 - 0x00007ffd790ee000 	C:\Windows\System32\SHCORE.dll
0x00007ffd786c0000 - 0x00007ffd78715000 	C:\Windows\System32\shlwapi.dll
0x00007ffd76a20000 - 0x00007ffd76a3f000 	C:\Windows\SYSTEM32\profapi.dll
0x00007ffd6bea0000 - 0x00007ffd6beba000 	D:\IDEA\IntelliJ IDEA 2021.2.1\bin\breakgen64.dll
0x000000006a490000 - 0x000000006a4aa000 	D:\Java\jDK8\jre\bin\net.dll
0x00007ffd762a0000 - 0x00007ffd7630a000 	C:\Windows\system32\mswsock.dll
0x00007ffd75f80000 - 0x00007ffd7604c000 	C:\Windows\SYSTEM32\DNSAPI.dll
0x00007ffd75f40000 - 0x00007ffd75f7b000 	C:\Windows\SYSTEM32\IPHLPAPI.DLL
0x00007ffd78b50000 - 0x00007ffd78b58000 	C:\Windows\System32\NSI.dll
0x00007ffd6ed00000 - 0x00007ffd6ed0a000 	C:\Windows\System32\rasadhlp.dll
0x00007ffd6c180000 - 0x00007ffd6c1ff000 	C:\Windows\System32\fwpuclnt.dll
0x00007ffd76d40000 - 0x00007ffd76d67000 	C:\Windows\System32\bcrypt.dll
0x000000006a430000 - 0x000000006a43d000 	D:\Java\jDK8\jre\bin\management.dll
0x000000006a470000 - 0x000000006a481000 	D:\Java\jDK8\jre\bin\nio.dll
0x00007ffd76490000 - 0x00007ffd764a8000 	C:\Windows\SYSTEM32\CRYPTSP.dll
0x00007ffd75bb0000 - 0x00007ffd75be4000 	C:\Windows\system32\rsaenh.dll
0x00007ffd769a0000 - 0x00007ffd769ce000 	C:\Windows\SYSTEM32\USERENV.dll
0x00007ffd771f0000 - 0x00007ffd77273000 	C:\Windows\System32\bcryptprimitives.dll
0x00007ffd764b0000 - 0x00007ffd764bc000 	C:\Windows\SYSTEM32\CRYPTBASE.dll
0x00007ffd6fb20000 - 0x00007ffd6fb37000 	C:\Windows\SYSTEM32\dhcpcsvc6.DLL
0x00007ffd6fa20000 - 0x00007ffd6fa3d000 	C:\Windows\SYSTEM32\dhcpcsvc.DLL
0x00007ffd63f00000 - 0x00007ffd63f17000 	C:\Windows\system32\napinsp.dll
0x00007ffd63f20000 - 0x00007ffd63f3b000 	C:\Windows\system32\pnrpnsp.dll
0x00007ffd715c0000 - 0x00007ffd715d5000 	C:\Windows\system32\wshbth.dll
0x00007ffd724f0000 - 0x00007ffd7250d000 	C:\Windows\system32\NLAapi.dll
0x00007ffd63f40000 - 0x00007ffd63f52000 	C:\Windows\System32\winrnr.dll

VM Arguments:
jvm_args: -XX:TieredStopAtLevel=1 -Xverify:none -Dspring.output.ansi.enabled=always -javaagent:D:\IDEA\IntelliJ IDEA 2021.2.1\lib\idea_rt.jar=54390:D:\IDEA\IntelliJ IDEA 2021.2.1\bin -Dcom.sun.management.jmxremote -Dspring.jmx.enabled=true -Dspring.liveBeansView.mbeanDomain -Dspring.application.admin.enabled=true -Dfile.encoding=UTF-8 
java_command: com.future.lvtumall.order.LvtumallOrderApplication
java_class_path (initial): D:\Java\jDK8\jre\lib\charsets.jar;D:\Java\jDK8\jre\lib\deploy.jar;D:\Java\jDK8\jre\lib\ext\access-bridge-64.jar;D:\Java\jDK8\jre\lib\ext\cldrdata.jar;D:\Java\jDK8\jre\lib\ext\dnsns.jar;D:\Java\jDK8\jre\lib\ext\jaccess.jar;D:\Java\jDK8\jre\lib\ext\jfxrt.jar;D:\Java\jDK8\jre\lib\ext\localedata.jar;D:\Java\jDK8\jre\lib\ext\nashorn.jar;D:\Java\jDK8\jre\lib\ext\sunec.jar;D:\Java\jDK8\jre\lib\ext\sunjce_provider.jar;D:\Java\jDK8\jre\lib\ext\sunmscapi.jar;D:\Java\jDK8\jre\lib\ext\sunpkcs11.jar;D:\Java\jDK8\jre\lib\ext\zipfs.jar;D:\Java\jDK8\jre\lib\javaws.jar;D:\Java\jDK8\jre\lib\jce.jar;D:\Java\jDK8\jre\lib\jfr.jar;D:\Java\jDK8\jre\lib\jfxswt.jar;D:\Java\jDK8\jre\lib\jsse.jar;D:\Java\jDK8\jre\lib\management-agent.jar;D:\Java\jDK8\jre\lib\plugin.jar;D:\Java\jDK8\jre\lib\resources.jar;D:\Java\jDK8\jre\lib\rt.jar;D:\IDEA\OwnerPerjects\lvtumall\lvtumall-order\target\classes;D:\IDEA\OwnerPerjects\lvtumall\lvtumall-common\target\classes;C:\Users\Nox159\.m2\repository\com\baomidou\mybatis-plus-boot-starter\3.2.0\mybatis-plus-boot-starter-3.2.0.jar;C:\Users\Nox159\.m2\repository\com\baomidou\mybatis-plus\3.2.0\mybatis-plus-3.2.0.jar;C:\Users\Nox159\.m2\repository\com\baomidou\mybatis-plus-extension\3.2.0\mybatis-plus-extension-3.2.0.jar;C:\Users\Nox159\.m2\repository\com\baomidou\mybatis-plus-core\3.2.0\mybatis-plus-core-3.2.0.jar;C:\Users\Nox159\.m2\repository\com\baomidou\mybatis-plus-annotation\3.2.0\mybatis-plus-annotation-3.2.0.jar;C:\Users\Nox159\.m2\repository\com\github\jsqlparser\jsqlparser\2.1\jsqlparser-2.1.jar;C:\Users\Nox159\.m2\repository\org\mybatis\mybatis\3.5.2\mybatis-3.5.2.jar;C:\Users\Nox159\.m2\repository\org\mybatis\mybatis-spring\2.0.2\mybatis-spring-2.0.2.jar;C:\Users\Nox159\.m2\repository\org\springframework\boot\spring-boot-autoconfigure\2.1.8.RELEASE\spring-boot-autoconfigure-2.1.8.RELEASE.jar;C:\Users\Nox159\.m2\repository\org\springframework\boot\spring-boot-starter-jdbc\2.1.8.RELEASE\spring-boot-starter-jdbc-2.1.8.RELEASE
Launcher Type: SUN_STANDARD

Environment Variables:
JAVA_HOME=D:\Java\jDK8
PATH=C:\Program Files\Google\Chrome\Application;D:\Java\Maven\apache-maven-3.8.2\bin;D:\Java\jDK8\jre\bin;D:\Java\jDK8\bin;C:\ProgramData\Oracle\Java\javapath;C:\Windows\system32;C:\Windows;C:\Windows\System32\Wbem;C:\Windows\System32\WindowsPowerShell\v1.0\;C:\Windows\System32\OpenSSH\;D:\Java\Maven\apache-maven-3.8.2\bin;D:\Java\apache-tomcat-8.5.70\bin;C:\Program Files\Git\cmd;D:\Xftp\;D:\Program Files\PuTTY\;C:\Program Files (x86)\Microsoft\Edge\Application;D:\XShell\;D:\software\OpenVPN\bin;D:\vagrant\bin;D:\anaconda3\envs;D:\nodejs\;C:\Users\Nox159\AppData\Local\Microsoft\WindowsApps;;D:\vscode\Microsoft VS Code\bin;C:\Users\Nox159\AppData\Roaming\npm
USERNAME=Nox159
OS=Windows_NT
PROCESSOR_IDENTIFIER=Intel64 Family 6 Model 165 Stepping 2, GenuineIntel



---------------  S Y S T E M  ---------------

OS: Windows 10.0 , 64 bit Build 19041 (10.0.19041.1151)

CPU:total 12 (initial active 12) (6 cores per cpu, 2 threads per core) family 6 model 165 stepping 2, cmov, cx8, fxsr, mmx, sse, sse2, sse3, ssse3, sse4.1, sse4.2, popcnt, avx, avx2, aes, clmul, erms, 3dnowpref, lzcnt, ht, tsc, tscinvbit, bmi1, bmi2, adx

Memory: 4k page, physical 16611412k(418232k free), swap 41384272k(1092k free)

vm_info: Java HotSpot(TM) 64-Bit Server VM (25.152-b16) for windows-amd64 JRE (1.8.0_152-b16), built on Sep 14 2017 02:29:36 by "java_re" with MS VC++ 10.0 (VS2010)

time: Sun Apr 10 17:41:20 2022
elapsed time: 6 seconds (0d 0h 0m 6s)

